<?xml version="1.0" encoding="UTF-8"?>
<testng-results ignored="0" total="1" passed="1" failed="0" skipped="0">
  <reporter-output>
  </reporter-output>
  <suite started-at="2021-05-30T12:33:54 IST" name="Default suite" finished-at="2021-05-30T12:34:14 IST" duration-ms="19166">
    <groups>
    </groups>
    <test started-at="2021-05-30T12:33:54 IST" name="Default test" finished-at="2021-05-30T12:34:14 IST" duration-ms="19166">
      <class name="stepDefinition.OpenSteps">
        <test-method is-config="true" signature="openBrowser()[pri:0, instance:stepDefinition.OpenSteps@28261e8e]" started-at="2021-05-30T12:33:55 IST" name="openBrowser" finished-at="2021-05-30T12:34:04 IST" duration-ms="9233" status="PASS">
          <reporter-output>
          </reporter-output>
        </test-method> <!-- openBrowser -->
        <test-method signature="naviagte()[pri:0, instance:stepDefinition.OpenSteps@28261e8e]" started-at="2021-05-30T12:34:04 IST" name="naviagte" finished-at="2021-05-30T12:34:07 IST" duration-ms="3649" status="PASS">
          <reporter-output>
          </reporter-output>
        </test-method> <!-- naviagte -->
        <test-method is-config="true" signature="closeBrowser()[pri:0, instance:stepDefinition.OpenSteps@28261e8e]" started-at="2021-05-30T12:34:08 IST" name="closeBrowser" finished-at="2021-05-30T12:34:14 IST" duration-ms="5731" status="PASS">
          <reporter-output>
          </reporter-output>
        </test-method> <!-- closeBrowser -->
      </class> <!-- stepDefinition.OpenSteps -->
    </test> <!-- Default test -->
  </suite> <!-- Default suite -->
</testng-results>
